============================= test session starts =============================
platform win32 -- Python 3.14.5, pytest-7.4.4, pluggy-1.6.0 -- C:\Python314\python.exe
cachedir: .pytest_cache
rootdir: D:\blender-video-factory
plugins: anyio-4.13.0, cov-4.1.0
collecting ... collected 143 items

protocol_guard/tests/test_project_state.py::TestProjectStateSchemaV2::test_initial_project_state_passes PASSED [  0%]
protocol_guard/tests/test_project_state.py::TestProjectStateSchemaV2::test_invalid_technical_result_fails PASSED [  1%]
protocol_guard/tests/test_project_state.py::TestProjectStateSchemaV2::test_invalid_evidence_status_fails PASSED [  2%]
protocol_guard/tests/test_project_state.py::TestProjectStateSchemaV2::test_missing_required_field_fails PASSED [  2%]
protocol_guard/tests/test_project_state.py::TestProjectStateSchemaV2::test_missing_locked_assets_fails PASSED [  3%]
protocol_guard/tests/test_project_state.py::TestProjectStateSchemaV2::test_missing_blocked_operations_fails PASSED [  4%]
protocol_guard/tests/test_project_state.py::TestProjectStateSchemaV2::test_sha256_empty_string_fails PASSED [  4%]
protocol_guard/tests/test_project_state.py::TestProjectStateSchemaV2::test_sha256_null_passes PASSED [  5%]
protocol_guard/tests/test_project_state.py::TestProjectStateSchemaV2::test_sha256_64_hex_passes PASSED [  6%]
protocol_guard/tests/test_project_state.py::TestProjectStateSchemaV2::test_evidence_sha256_empty_string_fails PASSED [  6%]
protocol_guard/tests/test_project_state.py::TestProjectStateSchemaV2::test_evidence_sha256_null_passes PASSED [  7%]
protocol_guard/tests/test_project_state.py::TestProjectStateSchemaV2::test_last_execution_time_without_timezone_fails PASSED [  8%]
protocol_guard/tests/test_project_state.py::TestProjectStateSchemaV2::test_invalid_datetime_month_99_fails PASSED [  9%]
protocol_guard/tests/test_project_state.py::TestProjectStateSchemaV2::test_invalid_datetime_hour_25_fails PASSED [  9%]
protocol_guard/tests/test_project_state.py::TestProjectStateSchemaV2::test_valid_z_time_passes PASSED [ 10%]
protocol_guard/tests/test_project_state.py::TestProjectStateSchemaV2::test_valid_offset_time_passes PASSED [ 11%]
protocol_guard/tests/test_project_state.py::TestProjectStateSchemaV2::test_disk_project_state_by_schema PASSED [ 11%]
protocol_guard/tests/test_project_state.py::TestProjectStateSchemaV2::test_change_log_entry_3_actor_is_system_migration PASSED [ 12%]
protocol_guard/tests/test_project_state.py::TestFieldPermissions::test_claude_can_write_runtime_fields PASSED [ 13%]
protocol_guard/tests/test_project_state.py::TestFieldPermissions::test_claude_cannot_write_locked_assets PASSED [ 13%]
protocol_guard/tests/test_project_state.py::TestFieldPermissions::test_claude_cannot_write_project_id PASSED [ 14%]
protocol_guard/tests/test_project_state.py::TestFieldPermissions::test_claude_cannot_write_unknown_field PASSED [ 15%]
protocol_guard/tests/test_project_state.py::TestFieldPermissions::test_claude_writes_valid_runtime_field_passes PASSED [ 16%]
protocol_guard/tests/test_project_state.py::TestFieldPermissions::test_gpt_proposal_cannot_write_directly PASSED [ 16%]
protocol_guard/tests/test_project_state.py::TestFieldPermissions::test_user_approved_can_write_restricted_fields PASSED [ 17%]
protocol_guard/tests/test_project_state.py::TestApplyPatchDocument::test_claude_runtime_patch_succeeds PASSED [ 18%]
protocol_guard/tests/test_project_state.py::TestApplyPatchDocument::test_claude_project_id_rejected PASSED [ 18%]
protocol_guard/tests/test_project_state.py::TestApplyPatchDocument::test_atomic_failure_no_partial_change PASSED [ 19%]
protocol_guard/tests/test_project_state.py::TestApplyPatchDocument::test_invalid_enum_atomic_failure PASSED [ 20%]
protocol_guard/tests/test_project_state.py::TestApplyPatchDocument::test_invalid_evidence_status_atomic_failure PASSED [ 20%]
protocol_guard/tests/test_project_state.py::TestApplyPatchDocument::test_invalid_sha256_atomic_failure PASSED [ 21%]
protocol_guard/tests/test_project_state.py::TestApplyPatchDocument::test_does_not_modify_original_state PASSED [ 22%]
protocol_guard/tests/test_project_state.py::TestApplyPatchDocument::test_does_not_modify_original_patch PASSED [ 23%]
protocol_guard/tests/test_project_state.py::TestApplyPatchDocument::test_change_log_in_fields_rejected PASSED [ 23%]
protocol_guard/tests/test_project_state.py::TestApplyPatchDocument::test_auto_change_log_appended_on_success PASSED [ 24%]
protocol_guard/tests/test_project_state.py::TestApplyPatchDocument::test_no_change_log_appended_on_failure PASSED [ 25%]
protocol_guard/tests/test_project_state.py::TestApplyPatchDocument::test_gpt_proposal_without_approval_rejected PASSED [ 25%]
protocol_guard/tests/test_project_state.py::TestApplyPatchDocument::test_gpt_proposal_with_approval_succeeds PASSED [ 26%]
protocol_guard/tests/test_project_state.py::TestApplyPatchDocument::test_user_approved_writes_restricted_succeeds PASSED [ 27%]
protocol_guard/tests/test_project_state.py::TestApplyPatchDocument::test_candidate_state_passes_schema_after_apply PASSED [ 27%]
protocol_guard/tests/test_project_state.py::TestApplyPatchDocument::test_legacy_apply_patch_compatibility PASSED [ 28%]
protocol_guard/tests/test_project_state.py::TestStatePatchSchemaV2::test_patch_reason_required PASSED [ 29%]
protocol_guard/tests/test_project_state.py::TestStatePatchSchemaV2::test_patch_unknown_state_field_fails PASSED [ 30%]
protocol_guard/tests/test_project_state.py::TestStatePatchSchemaV2::test_patch_valid_field_passes PASSED [ 30%]
protocol_guard/tests/test_project_state.py::TestStatePatchSchemaV2::test_patch_task_id_required PASSED [ 31%]
protocol_guard/tests/test_project_state.py::TestSaveState::test_save_valid_state_succeeds PASSED [ 32%]
protocol_guard/tests/test_project_state.py::TestSaveState::test_save_invalid_state_fails PASSED [ 32%]
protocol_guard/tests/test_project_state.py::TestSaveState::test_invalid_state_does_not_create_file PASSED [ 33%]
protocol_guard/tests/test_project_state.py::TestSaveState::test_invalid_write_does_not_corrupt_existing_file PASSED [ 34%]
protocol_guard/tests/test_project_state.py::TestSaveState::test_save_state_does_not_modify_input PASSED [ 34%]
protocol_guard/tests/test_project_state.py::TestSaveState::test_saved_state_revalidates_on_reload PASSED [ 35%]
protocol_guard/tests/test_project_state.py::TestSaveState::test_reread_validation_failure_cleans_temp_file PASSED [ 36%]
protocol_guard/tests/test_project_state.py::TestSaveState::test_reread_failure_preserves_existing_file PASSED [ 37%]
protocol_guard/tests/test_project_state.py::TestSaveState::test_read_exception_cleans_temp_file PASSED [ 37%]
protocol_guard/tests/test_project_state.py::TestSaveState::test_successful_save_leaves_no_temp_file PASSED [ 38%]
protocol_guard/tests/test_project_state.py::TestSaveState::test_replace_exception_cleans_temp_file PASSED [ 39%]
protocol_guard/tests/test_project_state.py::TestGptProposalLogging::test_gpt_proposal_log_reason_has_source_prefix PASSED [ 39%]
protocol_guard/tests/test_project_state.py::TestGptProposalLogging::test_direct_user_approved_no_gpt_prefix PASSED [ 40%]
protocol_guard/tests/test_project_state.py::TestGptProposalLogging::test_gpt_proposal_log_actor_is_user_approved PASSED [ 41%]
protocol_guard/tests/test_project_state.py::TestProjectStateCoherence::test_last_task_id_matches_pending_review PASSED [ 41%]
protocol_guard/tests/test_project_state.py::TestProjectStateCoherence::test_output_files_belong_to_phase PASSED [ 42%]
protocol_guard/tests/test_project_state.py::TestProjectStateCoherence::test_output_files_exact_phase_1_4_set PASSED [ 43%]
protocol_guard/tests/test_project_state.py::TestProjectStateCoherence::test_change_log_has_phase_1_2_record PASSED [ 44%]
protocol_guard/tests/test_project_state.py::TestProjectStateCoherence::test_change_log_has_phase_1_3_record PASSED [ 44%]
protocol_guard/tests/test_project_state.py::TestProjectStateCoherence::test_change_log_has_phase_1_4_record PASSED [ 45%]
protocol_guard/tests/test_project_state.py::TestProjectStateCoherence::test_current_project_state_passes_schema PASSED [ 46%]
protocol_guard/tests/test_project_state.py::TestEvidenceManifest::test_manifest_no_self_reference PASSED [ 46%]
protocol_guard/tests/test_project_state.py::TestEvidenceManifest::test_report_modification_detected PASSED [ 47%]
protocol_guard/tests/test_project_state.py::TestEvidenceManifest::test_pytest_modification_detected PASSED [ 48%]
protocol_guard/tests/test_project_state.py::TestEvidenceManifest::test_state_non_sha_field_change_detected PASSED [ 48%]
protocol_guard/tests/test_project_state.py::TestEvidenceManifest::test_evidence_sha_writeback_passes PASSED [ 49%]
protocol_guard/tests/test_project_state.py::TestEvidenceManifest::test_sha_mismatch_detected PASSED [ 50%]
protocol_guard/tests/test_project_state.py::TestEvidenceManifest::test_task_id_mismatch_detected PASSED [ 51%]
protocol_guard/tests/test_project_state.py::TestEvidenceManifest::test_full_package_verifies PASSED [ 51%]
protocol_guard/tests/test_project_state.py::TestEnumsRegression::test_five_main_results_unchanged PASSED [ 52%]
protocol_guard/tests/test_project_state.py::TestEnumsRegression::test_three_evidence_statuses_unchanged PASSED [ 53%]
protocol_guard/tests/test_result.py::TestTechnicalResult::test_valid_main_results PASSED [ 53%]
protocol_guard/tests/test_result.py::TestTechnicalResult::test_evidence_recovered_not_main_result PASSED [ 54%]
protocol_guard/tests/test_result.py::TestTechnicalResult::test_technical_pass_is_valid PASSED [ 55%]
protocol_guard/tests/test_result.py::TestTechnicalResult::test_illegal_result_rejected PASSED [ 55%]
protocol_guard/tests/test_result.py::TestTechnicalResult::test_evidence_recovered_is_not_a_technical_result PASSED [ 56%]
protocol_guard/tests/test_result.py::TestEvidenceStatus::test_valid_evidence_statuses PASSED [ 57%]
protocol_guard/tests/test_result.py::TestEvidenceStatus::test_illegal_evidence_status_rejected PASSED [ 58%]
protocol_guard/tests/test_snapshot.py::TestFreezeTask::test_first_freeze_succeeds PASSED [ 58%]
protocol_guard/tests/test_snapshot.py::TestFreezeTask::test_verify_succeeds_on_unchanged_task PASSED [ 59%]
protocol_guard/tests/test_snapshot.py::TestFreezeTask::test_modified_task_fails_verification PASSED [ 60%]
protocol_guard/tests/test_snapshot.py::TestFreezeTask::test_existing_frozen_rejects_overwrite PASSED [ 60%]
protocol_guard/tests/test_snapshot.py::TestFreezeTask::test_freezing_nonexistent_dir_creates_it PASSED [ 61%]
protocol_guard/tests/test_task_schema.py::TestTaskCardValidationV2::test_valid_task_passes PASSED [ 62%]
protocol_guard/tests/test_task_schema.py::TestTaskCardValidationV2::test_missing_required_field_fails PASSED [ 62%]
protocol_guard/tests/test_task_schema.py::TestTaskCardValidationV2::test_invalid_execution_mode_fails PASSED [ 63%]
protocol_guard/tests/test_task_schema.py::TestTaskCardValidationV2::test_primary_variable_not_single_string_fails PASSED [ 64%]
protocol_guard/tests/test_task_schema.py::TestTaskCardValidationV2::test_empty_primary_variable_fails PASSED [ 65%]
protocol_guard/tests/test_task_schema.py::TestTaskCardValidationV2::test_fixed_params_as_object_passes PASSED [ 65%]
protocol_guard/tests/test_task_schema.py::TestTaskCardValidationV2::test_fixed_params_as_array_fails PASSED [ 66%]
protocol_guard/tests/test_task_schema.py::TestTaskCardValidationV2::test_dependent_variable_missing_name_fails PASSED [ 67%]
protocol_guard/tests/test_task_schema.py::TestTaskCardValidationV2::test_dependent_variable_duplicate_name_fails PASSED [ 67%]
protocol_guard/tests/test_task_schema.py::TestTaskCardValidationV2::test_primary_overlaps_fixed_param_key_fails PASSED [ 68%]
protocol_guard/tests/test_task_schema.py::TestTaskCardValidationV2::test_primary_overlaps_dependent_variable_name_fails PASSED [ 69%]
protocol_guard/tests/test_task_schema.py::TestTaskCardValidationV2::test_dependent_and_fixed_overlap_fails PASSED [ 69%]
protocol_guard/tests/test_task_schema.py::TestTaskCardValidationV2::test_condition_missing_operator_fails PASSED [ 70%]
protocol_guard/tests/test_task_schema.py::TestTaskCardValidationV2::test_between_expected_not_two_numbers_fails PASSED [ 71%]
protocol_guard/tests/test_task_schema.py::TestTaskCardValidationV2::test_between_expected_non_numeric_fails PASSED [ 72%]
protocol_guard/tests/test_task_schema.py::TestTaskCardValidationV2::test_condition_id_duplicate_fails PASSED [ 72%]
protocol_guard/tests/test_task_schema.py::TestTaskCardValidationV2::test_in_operator_non_empty_array_passes PASSED [ 73%]
protocol_guard/tests/test_task_schema.py::TestTaskCardValidationV2::test_locked_items_as_strings_fails PASSED [ 74%]
protocol_guard/tests/test_task_schema.py::TestTaskCardValidationV2::test_locked_items_structured_passes PASSED [ 74%]
protocol_guard/tests/test_task_schema.py::TestTaskCardValidationV2::test_state_patch_requested_null_passes PASSED [ 75%]
protocol_guard/tests/test_task_schema.py::TestTaskCardValidationV2::test_state_patch_requested_empty_object_fails PASSED [ 76%]
protocol_guard/tests/test_task_schema.py::TestTaskCardValidationV2::test_state_patch_requested_unknown_field_fails PASSED [ 76%]
protocol_guard/tests/test_task_schema.py::TestTaskCardValidationV2::test_state_patch_requested_missing_reason_fails PASSED [ 77%]
protocol_guard/tests/test_task_schema.py::TestTaskCardValidationV2::test_state_patch_unknown_ps_field_fails PASSED [ 78%]
protocol_guard/tests/test_task_schema.py::TestTaskCardValidationV2::test_state_patch_known_ps_field_passes PASSED [ 79%]
protocol_guard/tests/test_task_schema.py::TestTaskCardValidationV2::test_output_files_empty_fails PASSED [ 79%]
protocol_guard/tests/test_task_schema.py::TestTaskCardValidationV2::test_upload_files_duplicate_fails PASSED [ 80%]
protocol_guard/tests/test_task_schema.py::TestTaskCardValidationV2::test_input_files_duplicate_fails PASSED [ 81%]
protocol_guard/tests/test_task_schema.py::TestTaskCardValidationV2::test_allowed_forbidden_same_target_same_field_fails PASSED [ 81%]
protocol_guard/tests/test_task_schema.py::TestTaskCardValidationV2::test_allowed_forbidden_same_target_no_overlap_passes PASSED [ 82%]
protocol_guard/tests/test_task_schema.py::TestTaskCardValidationV2::test_allowed_forbidden_different_target_passes PASSED [ 83%]
protocol_guard/tests/test_task_schema.py::TestTaskCardValidationV2::test_invalid_task_type_fails PASSED [ 83%]
protocol_guard/tests/test_task_schema.py::TestVisualIntentNaturalLanguage::test_visual_intent_allows_natural_language PASSED [ 84%]
protocol_guard/phase2_min/tests/test_checkers.py::TestPathSafety::test_absolute_rejected PASSED [ 85%]
protocol_guard/phase2_min/tests/test_checkers.py::TestPathSafety::test_parent_traversal_rejected PASSED [ 86%]
protocol_guard/phase2_min/tests/test_checkers.py::TestPathSafety::test_unc_rejected PASSED [ 86%]
protocol_guard/phase2_min/tests/test_checkers.py::TestPathSafety::test_drive_relative_rejected PASSED [ 87%]
protocol_guard/phase2_min/tests/test_checkers.py::TestPathSafety::test_control_char_rejected PASSED [ 88%]
protocol_guard/phase2_min/tests/test_checkers.py::TestPathSafety::test_normal_path_ok PASSED [ 88%]
protocol_guard/phase2_min/tests/test_checkers.py::TestPathSafety::test_case_insensitive_match PASSED [ 89%]
protocol_guard/phase2_min/tests/test_checkers.py::TestPathSafety::test_case_sensitive_mismatch_on_same_path PASSED [ 90%]
protocol_guard/phase2_min/tests/test_checkers.py::TestChangeScopeCheck::test_baseline_commit_not_found_error PASSED [ 90%]
protocol_guard/phase2_min/tests/test_checkers.py::TestChangeScopeCheck::test_policy_sha_mismatch_fail PASSED [ 91%]
protocol_guard/phase2_min/tests/test_checkers.py::TestChangeScopeCheck::test_out_of_scope_change_detected_fail PASSED [ 92%]
protocol_guard/phase2_min/tests/test_checkers.py::TestChangeScopeCheck::test_all_in_scope_pass PASSED [ 93%]
protocol_guard/phase2_min/tests/test_checkers.py::TestChangeScopeCheck::test_protected_file_change_detected PASSED [ 93%]
protocol_guard/phase2_min/tests/test_checkers.py::TestChangeScopeCheck::test_frozen_task_mismatch_error PASSED [ 94%]
protocol_guard/phase2_min/tests/test_checkers.py::TestChangeScopeCheck::test_no_file_writes_during_check PASSED [ 95%]
protocol_guard/phase2_min/tests/test_checkers.py::TestUploadPackageCheck::test_missing_manifest_error PASSED [ 95%]
protocol_guard/phase2_min/tests/test_checkers.py::TestUploadPackageCheck::test_manifest_self_reference_fail PASSED [ 96%]
protocol_guard/phase2_min/tests/test_checkers.py::TestUploadPackageCheck::test_hash_mismatch_fail PASSED [ 97%]
protocol_guard/phase2_min/tests/test_checkers.py::TestUploadPackageCheck::test_valid_package_pass PASSED [ 97%]
protocol_guard/phase2_min/tests/test_checkers.py::TestUploadPackageCheck::test_extra_file_detected_fail PASSED [ 98%]
protocol_guard/phase2_min/tests/test_checkers.py::TestUploadPackageCheck::test_unapproved_source_fail PASSED [ 99%]
protocol_guard/phase2_min/tests/test_checkers.py::TestUploadPackageCheck::test_task_id_mismatch_fail PASSED [100%]

============================= 143 passed in 2.74s =============================
