============================= test session starts =============================
platform win32 -- Python 3.14.5, pytest-7.4.4, pluggy-1.6.0 -- C:\Python314\python.exe
cachedir: .pytest_cache
rootdir: D:\blender-video-factory
plugins: anyio-4.13.0, cov-4.1.0
collecting ... collected 67 items

protocol_guard/tests/test_project_state.py::TestProjectStateSchemaV2::test_initial_project_state_passes PASSED [  1%]
protocol_guard/tests/test_project_state.py::TestProjectStateSchemaV2::test_invalid_technical_result_fails PASSED [  2%]
protocol_guard/tests/test_project_state.py::TestProjectStateSchemaV2::test_invalid_evidence_status_fails PASSED [  4%]
protocol_guard/tests/test_project_state.py::TestProjectStateSchemaV2::test_missing_required_field_fails PASSED [  5%]
protocol_guard/tests/test_project_state.py::TestProjectStateSchemaV2::test_missing_locked_assets_fails PASSED [  7%]
protocol_guard/tests/test_project_state.py::TestProjectStateSchemaV2::test_missing_blocked_operations_fails PASSED [  8%]
protocol_guard/tests/test_project_state.py::TestProjectStateSchemaV2::test_sha256_empty_string_fails PASSED [ 10%]
protocol_guard/tests/test_project_state.py::TestProjectStateSchemaV2::test_sha256_null_passes PASSED [ 11%]
protocol_guard/tests/test_project_state.py::TestProjectStateSchemaV2::test_sha256_64_hex_passes PASSED [ 13%]
protocol_guard/tests/test_project_state.py::TestProjectStateSchemaV2::test_evidence_sha256_empty_string_fails PASSED [ 14%]
protocol_guard/tests/test_project_state.py::TestProjectStateSchemaV2::test_evidence_sha256_null_passes PASSED [ 16%]
protocol_guard/tests/test_project_state.py::TestProjectStateSchemaV2::test_last_execution_time_without_timezone_fails PASSED [ 17%]
protocol_guard/tests/test_project_state.py::TestFieldPermissions::test_claude_can_write_runtime_fields PASSED [ 19%]
protocol_guard/tests/test_project_state.py::TestFieldPermissions::test_claude_cannot_write_locked_assets PASSED [ 20%]
protocol_guard/tests/test_project_state.py::TestFieldPermissions::test_claude_cannot_write_scene_phase PASSED [ 22%]
protocol_guard/tests/test_project_state.py::TestFieldPermissions::test_gpt_proposal_cannot_write_directly PASSED [ 23%]
protocol_guard/tests/test_project_state.py::TestFieldPermissions::test_user_approved_can_write_restricted_fields PASSED [ 25%]
protocol_guard/tests/test_project_state.py::TestApplyPatch::test_apply_claude_runtime_patch_succeeds PASSED [ 26%]
protocol_guard/tests/test_project_state.py::TestApplyPatch::test_apply_claude_restricted_patch_rejected PASSED [ 28%]
protocol_guard/tests/test_project_state.py::TestApplyPatch::test_apply_user_approved_restricted_patch_succeeds PASSED [ 29%]
protocol_guard/tests/test_project_state.py::TestApplyPatch::test_gpt_proposal_with_approval_succeeds PASSED [ 31%]
protocol_guard/tests/test_project_state.py::TestApplyPatch::test_gpt_proposal_without_approval_rejected PASSED [ 32%]
protocol_guard/tests/test_project_state.py::TestApplyPatch::test_change_log_append_preserves_existing PASSED [ 34%]
protocol_guard/tests/test_project_state.py::TestApplyPatch::test_change_log_overwrite_rejected PASSED [ 35%]
protocol_guard/tests/test_project_state.py::TestStatePatchSchemaV2::test_patch_reason_required PASSED [ 37%]
protocol_guard/tests/test_project_state.py::TestStatePatchSchemaV2::test_patch_unknown_state_field_fails PASSED [ 38%]
protocol_guard/tests/test_project_state.py::TestStatePatchSchemaV2::test_patch_valid_field_passes PASSED [ 40%]
protocol_guard/tests/test_result.py::TestTechnicalResult::test_valid_main_results PASSED [ 41%]
protocol_guard/tests/test_result.py::TestTechnicalResult::test_evidence_recovered_not_main_result PASSED [ 43%]
protocol_guard/tests/test_result.py::TestTechnicalResult::test_technical_pass_is_valid PASSED [ 44%]
protocol_guard/tests/test_result.py::TestTechnicalResult::test_illegal_result_rejected PASSED [ 46%]
protocol_guard/tests/test_result.py::TestTechnicalResult::test_evidence_recovered_is_not_a_technical_result PASSED [ 47%]
protocol_guard/tests/test_result.py::TestEvidenceStatus::test_valid_evidence_statuses PASSED [ 49%]
protocol_guard/tests/test_result.py::TestEvidenceStatus::test_illegal_evidence_status_rejected PASSED [ 50%]
protocol_guard/tests/test_snapshot.py::TestFreezeTask::test_first_freeze_succeeds PASSED [ 52%]
protocol_guard/tests/test_snapshot.py::TestFreezeTask::test_verify_succeeds_on_unchanged_task PASSED [ 53%]
protocol_guard/tests/test_snapshot.py::TestFreezeTask::test_modified_task_fails_verification PASSED [ 55%]
protocol_guard/tests/test_snapshot.py::TestFreezeTask::test_existing_frozen_rejects_overwrite PASSED [ 56%]
protocol_guard/tests/test_snapshot.py::TestFreezeTask::test_freezing_nonexistent_dir_creates_it PASSED [ 58%]
protocol_guard/tests/test_task_schema.py::TestTaskCardValidationV2::test_valid_task_passes PASSED [ 59%]
protocol_guard/tests/test_task_schema.py::TestTaskCardValidationV2::test_missing_required_field_fails PASSED [ 61%]
protocol_guard/tests/test_task_schema.py::TestTaskCardValidationV2::test_invalid_execution_mode_fails PASSED [ 62%]
protocol_guard/tests/test_task_schema.py::TestTaskCardValidationV2::test_primary_variable_not_single_string_fails PASSED [ 64%]
protocol_guard/tests/test_task_schema.py::TestTaskCardValidationV2::test_empty_primary_variable_fails PASSED [ 65%]
protocol_guard/tests/test_task_schema.py::TestTaskCardValidationV2::test_fixed_params_as_object_passes PASSED [ 67%]
protocol_guard/tests/test_task_schema.py::TestTaskCardValidationV2::test_fixed_params_as_array_fails PASSED [ 68%]
protocol_guard/tests/test_task_schema.py::TestTaskCardValidationV2::test_dependent_variable_missing_name_fails PASSED [ 70%]
protocol_guard/tests/test_task_schema.py::TestTaskCardValidationV2::test_dependent_variable_duplicate_name_fails PASSED [ 71%]
protocol_guard/tests/test_task_schema.py::TestTaskCardValidationV2::test_primary_overlaps_fixed_param_key_fails PASSED [ 73%]
protocol_guard/tests/test_task_schema.py::TestTaskCardValidationV2::test_primary_overlaps_dependent_variable_name_fails PASSED [ 74%]
protocol_guard/tests/test_task_schema.py::TestTaskCardValidationV2::test_dependent_and_fixed_overlap_fails PASSED [ 76%]
protocol_guard/tests/test_task_schema.py::TestTaskCardValidationV2::test_condition_missing_operator_fails PASSED [ 77%]
protocol_guard/tests/test_task_schema.py::TestTaskCardValidationV2::test_between_expected_not_two_numbers_fails PASSED [ 79%]
protocol_guard/tests/test_task_schema.py::TestTaskCardValidationV2::test_between_expected_non_numeric_fails PASSED [ 80%]
protocol_guard/tests/test_task_schema.py::TestTaskCardValidationV2::test_condition_id_duplicate_fails PASSED [ 82%]
protocol_guard/tests/test_task_schema.py::TestTaskCardValidationV2::test_in_operator_non_empty_array_passes PASSED [ 83%]
protocol_guard/tests/test_task_schema.py::TestTaskCardValidationV2::test_locked_items_as_strings_fails PASSED [ 85%]
protocol_guard/tests/test_task_schema.py::TestTaskCardValidationV2::test_locked_items_structured_passes PASSED [ 86%]
protocol_guard/tests/test_task_schema.py::TestTaskCardValidationV2::test_state_patch_requested_null_passes PASSED [ 88%]
protocol_guard/tests/test_task_schema.py::TestTaskCardValidationV2::test_state_patch_requested_empty_object_fails PASSED [ 89%]
protocol_guard/tests/test_task_schema.py::TestTaskCardValidationV2::test_state_patch_requested_unknown_field_fails PASSED [ 91%]
protocol_guard/tests/test_task_schema.py::TestTaskCardValidationV2::test_state_patch_requested_missing_reason_fails PASSED [ 92%]
protocol_guard/tests/test_task_schema.py::TestTaskCardValidationV2::test_output_files_empty_fails PASSED [ 94%]
protocol_guard/tests/test_task_schema.py::TestTaskCardValidationV2::test_upload_files_duplicate_fails PASSED [ 95%]
protocol_guard/tests/test_task_schema.py::TestTaskCardValidationV2::test_input_files_duplicate_fails PASSED [ 97%]
protocol_guard/tests/test_task_schema.py::TestTaskCardValidationV2::test_invalid_task_type_fails PASSED [ 98%]
protocol_guard/tests/test_task_schema.py::TestVisualIntentNaturalLanguage::test_visual_intent_allows_natural_language PASSED [100%]

============================= 67 passed in 0.85s ==============================
