============================= test session starts =============================
platform win32 -- Python 3.14.5, pytest-7.4.4, pluggy-1.6.0 -- C:\Python314\python.exe
rootdir: D:\blender-video-factory
plugins: anyio-4.13.0, cov-4.1.0
collecting ... collected 211 items

protocol_guard/tests/test_project_state.py::TestProjectStateSchemaV2::test_initial_project_state_passes PASSED [  0%]
protocol_guard/tests/test_project_state.py::TestProjectStateSchemaV2::test_invalid_technical_result_fails PASSED [  0%]
protocol_guard/tests/test_project_state.py::TestProjectStateSchemaV2::test_invalid_evidence_status_fails PASSED [  1%]
protocol_guard/tests/test_project_state.py::TestProjectStateSchemaV2::test_missing_required_field_fails PASSED [  1%]
protocol_guard/tests/test_project_state.py::TestProjectStateSchemaV2::test_missing_locked_assets_fails PASSED [  2%]
protocol_guard/tests/test_project_state.py::TestProjectStateSchemaV2::test_missing_blocked_operations_fails PASSED [  2%]
protocol_guard/tests/test_project_state.py::TestProjectStateSchemaV2::test_sha256_empty_string_fails PASSED [  3%]
protocol_guard/tests/test_project_state.py::TestProjectStateSchemaV2::test_sha256_null_passes PASSED [  3%]
protocol_guard/tests/test_project_state.py::TestProjectStateSchemaV2::test_sha256_64_hex_passes PASSED [  4%]
protocol_guard/tests/test_project_state.py::TestProjectStateSchemaV2::test_evidence_sha256_empty_string_fails PASSED [  4%]
protocol_guard/tests/test_project_state.py::TestProjectStateSchemaV2::test_evidence_sha256_null_passes PASSED [  5%]
protocol_guard/tests/test_project_state.py::TestProjectStateSchemaV2::test_last_execution_time_without_timezone_fails PASSED [  5%]
protocol_guard/tests/test_project_state.py::TestProjectStateSchemaV2::test_invalid_datetime_month_99_fails PASSED [  6%]
protocol_guard/tests/test_project_state.py::TestProjectStateSchemaV2::test_invalid_datetime_hour_25_fails PASSED [  6%]
protocol_guard/tests/test_project_state.py::TestProjectStateSchemaV2::test_valid_z_time_passes PASSED [  7%]
protocol_guard/tests/test_project_state.py::TestProjectStateSchemaV2::test_valid_offset_time_passes PASSED [  7%]
protocol_guard/tests/test_project_state.py::TestProjectStateSchemaV2::test_disk_project_state_by_schema PASSED [  8%]
protocol_guard/tests/test_project_state.py::TestProjectStateSchemaV2::test_change_log_entry_3_actor_is_system_migration PASSED [  8%]
protocol_guard/tests/test_project_state.py::TestFieldPermissions::test_claude_can_write_runtime_fields PASSED [  9%]
protocol_guard/tests/test_project_state.py::TestFieldPermissions::test_claude_cannot_write_locked_assets PASSED [  9%]
protocol_guard/tests/test_project_state.py::TestFieldPermissions::test_claude_cannot_write_project_id PASSED [  9%]
protocol_guard/tests/test_project_state.py::TestFieldPermissions::test_claude_cannot_write_unknown_field PASSED [ 10%]
protocol_guard/tests/test_project_state.py::TestFieldPermissions::test_claude_writes_valid_runtime_field_passes PASSED [ 10%]
protocol_guard/tests/test_project_state.py::TestFieldPermissions::test_gpt_proposal_cannot_write_directly PASSED [ 11%]
protocol_guard/tests/test_project_state.py::TestFieldPermissions::test_user_approved_can_write_restricted_fields PASSED [ 11%]
protocol_guard/tests/test_project_state.py::TestApplyPatchDocument::test_claude_runtime_patch_succeeds PASSED [ 12%]
protocol_guard/tests/test_project_state.py::TestApplyPatchDocument::test_claude_project_id_rejected PASSED [ 12%]
protocol_guard/tests/test_project_state.py::TestApplyPatchDocument::test_atomic_failure_no_partial_change PASSED [ 13%]
protocol_guard/tests/test_project_state.py::TestApplyPatchDocument::test_invalid_enum_atomic_failure PASSED [ 13%]
protocol_guard/tests/test_project_state.py::TestApplyPatchDocument::test_invalid_evidence_status_atomic_failure PASSED [ 14%]
protocol_guard/tests/test_project_state.py::TestApplyPatchDocument::test_invalid_sha256_atomic_failure PASSED [ 14%]
protocol_guard/tests/test_project_state.py::TestApplyPatchDocument::test_does_not_modify_original_state PASSED [ 15%]
protocol_guard/tests/test_project_state.py::TestApplyPatchDocument::test_does_not_modify_original_patch PASSED [ 15%]
protocol_guard/tests/test_project_state.py::TestApplyPatchDocument::test_change_log_in_fields_rejected PASSED [ 16%]
protocol_guard/tests/test_project_state.py::TestApplyPatchDocument::test_auto_change_log_appended_on_success PASSED [ 16%]
protocol_guard/tests/test_project_state.py::TestApplyPatchDocument::test_no_change_log_appended_on_failure PASSED [ 17%]
protocol_guard/tests/test_project_state.py::TestApplyPatchDocument::test_gpt_proposal_without_approval_rejected PASSED [ 17%]
protocol_guard/tests/test_project_state.py::TestApplyPatchDocument::test_gpt_proposal_with_approval_succeeds PASSED [ 18%]
protocol_guard/tests/test_project_state.py::TestApplyPatchDocument::test_user_approved_writes_restricted_succeeds PASSED [ 18%]
protocol_guard/tests/test_project_state.py::TestApplyPatchDocument::test_candidate_state_passes_schema_after_apply PASSED [ 18%]
protocol_guard/tests/test_project_state.py::TestApplyPatchDocument::test_legacy_apply_patch_compatibility PASSED [ 19%]
protocol_guard/tests/test_project_state.py::TestStatePatchSchemaV2::test_patch_reason_required PASSED [ 19%]
protocol_guard/tests/test_project_state.py::TestStatePatchSchemaV2::test_patch_unknown_state_field_fails PASSED [ 20%]
protocol_guard/tests/test_project_state.py::TestStatePatchSchemaV2::test_patch_valid_field_passes PASSED [ 20%]
protocol_guard/tests/test_project_state.py::TestStatePatchSchemaV2::test_patch_task_id_required PASSED [ 21%]
protocol_guard/tests/test_project_state.py::TestSaveState::test_save_valid_state_succeeds PASSED [ 21%]
protocol_guard/tests/test_project_state.py::TestSaveState::test_save_invalid_state_fails PASSED [ 22%]
protocol_guard/tests/test_project_state.py::TestSaveState::test_invalid_state_does_not_create_file PASSED [ 22%]
protocol_guard/tests/test_project_state.py::TestSaveState::test_invalid_write_does_not_corrupt_existing_file PASSED [ 23%]
protocol_guard/tests/test_project_state.py::TestSaveState::test_save_state_does_not_modify_input PASSED [ 23%]
protocol_guard/tests/test_project_state.py::TestSaveState::test_saved_state_revalidates_on_reload PASSED [ 24%]
protocol_guard/tests/test_project_state.py::TestSaveState::test_reread_validation_failure_cleans_temp_file PASSED [ 24%]
protocol_guard/tests/test_project_state.py::TestSaveState::test_reread_failure_preserves_existing_file PASSED [ 25%]
protocol_guard/tests/test_project_state.py::TestSaveState::test_read_exception_cleans_temp_file PASSED [ 25%]
protocol_guard/tests/test_project_state.py::TestSaveState::test_successful_save_leaves_no_temp_file PASSED [ 26%]
protocol_guard/tests/test_project_state.py::TestSaveState::test_replace_exception_cleans_temp_file PASSED [ 26%]
protocol_guard/tests/test_project_state.py::TestGptProposalLogging::test_gpt_proposal_log_reason_has_source_prefix PASSED [ 27%]
protocol_guard/tests/test_project_state.py::TestGptProposalLogging::test_direct_user_approved_no_gpt_prefix PASSED [ 27%]
protocol_guard/tests/test_project_state.py::TestGptProposalLogging::test_gpt_proposal_log_actor_is_user_approved PASSED [ 27%]
protocol_guard/tests/test_project_state.py::TestProjectStateCoherence::test_last_task_id_matches_pending_review PASSED [ 28%]
protocol_guard/tests/test_project_state.py::TestProjectStateCoherence::test_output_files_belong_to_phase PASSED [ 28%]
protocol_guard/tests/test_project_state.py::TestProjectStateCoherence::test_output_files_exact_phase_1_4_set PASSED [ 29%]
protocol_guard/tests/test_project_state.py::TestProjectStateCoherence::test_change_log_has_phase_1_2_record PASSED [ 29%]
protocol_guard/tests/test_project_state.py::TestProjectStateCoherence::test_change_log_has_phase_1_3_record PASSED [ 30%]
protocol_guard/tests/test_project_state.py::TestProjectStateCoherence::test_change_log_has_phase_1_4_record PASSED [ 30%]
protocol_guard/tests/test_project_state.py::TestProjectStateCoherence::test_current_project_state_passes_schema PASSED [ 31%]
protocol_guard/tests/test_project_state.py::TestEvidenceManifest::test_manifest_no_self_reference PASSED [ 31%]
protocol_guard/tests/test_project_state.py::TestEvidenceManifest::test_report_modification_detected PASSED [ 32%]
protocol_guard/tests/test_project_state.py::TestEvidenceManifest::test_pytest_modification_detected PASSED [ 32%]
protocol_guard/tests/test_project_state.py::TestEvidenceManifest::test_state_non_sha_field_change_detected PASSED [ 33%]
protocol_guard/tests/test_project_state.py::TestEvidenceManifest::test_evidence_sha_writeback_passes PASSED [ 33%]
protocol_guard/tests/test_project_state.py::TestEvidenceManifest::test_sha_mismatch_detected PASSED [ 34%]
protocol_guard/tests/test_project_state.py::TestEvidenceManifest::test_task_id_mismatch_detected PASSED [ 34%]
protocol_guard/tests/test_project_state.py::TestEvidenceManifest::test_full_package_verifies PASSED [ 35%]
protocol_guard/tests/test_project_state.py::TestEnumsRegression::test_five_main_results_unchanged PASSED [ 35%]
protocol_guard/tests/test_project_state.py::TestEnumsRegression::test_three_evidence_statuses_unchanged PASSED [ 36%]
protocol_guard/tests/test_result.py::TestTechnicalResult::test_valid_main_results PASSED [ 36%]
protocol_guard/tests/test_result.py::TestTechnicalResult::test_evidence_recovered_not_main_result PASSED [ 36%]
protocol_guard/tests/test_result.py::TestTechnicalResult::test_technical_pass_is_valid PASSED [ 37%]
protocol_guard/tests/test_result.py::TestTechnicalResult::test_illegal_result_rejected PASSED [ 37%]
protocol_guard/tests/test_result.py::TestTechnicalResult::test_evidence_recovered_is_not_a_technical_result PASSED [ 38%]
protocol_guard/tests/test_result.py::TestEvidenceStatus::test_valid_evidence_statuses PASSED [ 38%]
protocol_guard/tests/test_result.py::TestEvidenceStatus::test_illegal_evidence_status_rejected PASSED [ 39%]
protocol_guard/tests/test_snapshot.py::TestFreezeTask::test_first_freeze_succeeds PASSED [ 39%]
protocol_guard/tests/test_snapshot.py::TestFreezeTask::test_verify_succeeds_on_unchanged_task PASSED [ 40%]
protocol_guard/tests/test_snapshot.py::TestFreezeTask::test_modified_task_fails_verification PASSED [ 40%]
protocol_guard/tests/test_snapshot.py::TestFreezeTask::test_existing_frozen_rejects_overwrite PASSED [ 41%]
protocol_guard/tests/test_snapshot.py::TestFreezeTask::test_freezing_nonexistent_dir_creates_it PASSED [ 41%]
protocol_guard/tests/test_task_schema.py::TestTaskCardValidationV2::test_valid_task_passes PASSED [ 42%]
protocol_guard/tests/test_task_schema.py::TestTaskCardValidationV2::test_missing_required_field_fails PASSED [ 42%]
protocol_guard/tests/test_task_schema.py::TestTaskCardValidationV2::test_invalid_execution_mode_fails PASSED [ 43%]
protocol_guard/tests/test_task_schema.py::TestTaskCardValidationV2::test_primary_variable_not_single_string_fails PASSED [ 43%]
protocol_guard/tests/test_task_schema.py::TestTaskCardValidationV2::test_empty_primary_variable_fails PASSED [ 44%]
protocol_guard/tests/test_task_schema.py::TestTaskCardValidationV2::test_fixed_params_as_object_passes PASSED [ 44%]
protocol_guard/tests/test_task_schema.py::TestTaskCardValidationV2::test_fixed_params_as_array_fails PASSED [ 45%]
protocol_guard/tests/test_task_schema.py::TestTaskCardValidationV2::test_dependent_variable_missing_name_fails PASSED [ 45%]
protocol_guard/tests/test_task_schema.py::TestTaskCardValidationV2::test_dependent_variable_duplicate_name_fails PASSED [ 45%]
protocol_guard/tests/test_task_schema.py::TestTaskCardValidationV2::test_primary_overlaps_fixed_param_key_fails PASSED [ 46%]
protocol_guard/tests/test_task_schema.py::TestTaskCardValidationV2::test_primary_overlaps_dependent_variable_name_fails PASSED [ 46%]
protocol_guard/tests/test_task_schema.py::TestTaskCardValidationV2::test_dependent_and_fixed_overlap_fails PASSED [ 47%]
protocol_guard/tests/test_task_schema.py::TestTaskCardValidationV2::test_condition_missing_operator_fails PASSED [ 47%]
protocol_guard/tests/test_task_schema.py::TestTaskCardValidationV2::test_between_expected_not_two_numbers_fails PASSED [ 48%]
protocol_guard/tests/test_task_schema.py::TestTaskCardValidationV2::test_between_expected_non_numeric_fails PASSED [ 48%]
protocol_guard/tests/test_task_schema.py::TestTaskCardValidationV2::test_condition_id_duplicate_fails PASSED [ 49%]
protocol_guard/tests/test_task_schema.py::TestTaskCardValidationV2::test_in_operator_non_empty_array_passes PASSED [ 49%]
protocol_guard/tests/test_task_schema.py::TestTaskCardValidationV2::test_locked_items_as_strings_fails PASSED [ 50%]
protocol_guard/tests/test_task_schema.py::TestTaskCardValidationV2::test_locked_items_structured_passes PASSED [ 50%]
protocol_guard/tests/test_task_schema.py::TestTaskCardValidationV2::test_state_patch_requested_null_passes PASSED [ 51%]
protocol_guard/tests/test_task_schema.py::TestTaskCardValidationV2::test_state_patch_requested_empty_object_fails PASSED [ 51%]
protocol_guard/tests/test_task_schema.py::TestTaskCardValidationV2::test_state_patch_requested_unknown_field_fails PASSED [ 52%]
protocol_guard/tests/test_task_schema.py::TestTaskCardValidationV2::test_state_patch_requested_missing_reason_fails PASSED [ 52%]
protocol_guard/tests/test_task_schema.py::TestTaskCardValidationV2::test_state_patch_unknown_ps_field_fails PASSED [ 53%]
protocol_guard/tests/test_task_schema.py::TestTaskCardValidationV2::test_state_patch_known_ps_field_passes PASSED [ 53%]
protocol_guard/tests/test_task_schema.py::TestTaskCardValidationV2::test_output_files_empty_fails PASSED [ 54%]
protocol_guard/tests/test_task_schema.py::TestTaskCardValidationV2::test_upload_files_duplicate_fails PASSED [ 54%]
protocol_guard/tests/test_task_schema.py::TestTaskCardValidationV2::test_input_files_duplicate_fails PASSED [ 54%]
protocol_guard/tests/test_task_schema.py::TestTaskCardValidationV2::test_allowed_forbidden_same_target_same_field_fails PASSED [ 55%]
protocol_guard/tests/test_task_schema.py::TestTaskCardValidationV2::test_allowed_forbidden_same_target_no_overlap_passes PASSED [ 55%]
protocol_guard/tests/test_task_schema.py::TestTaskCardValidationV2::test_allowed_forbidden_different_target_passes PASSED [ 56%]
protocol_guard/tests/test_task_schema.py::TestTaskCardValidationV2::test_invalid_task_type_fails PASSED [ 56%]
protocol_guard/tests/test_task_schema.py::TestVisualIntentNaturalLanguage::test_visual_intent_allows_natural_language PASSED [ 57%]
protocol_guard/gate/tests/test_adversarial.py::TestAdversarial::test_double_claim_rejected PASSED [ 57%]
protocol_guard/gate/tests/test_adversarial.py::TestAdversarial::test_zero_byte_claim_human_audit PASSED [ 58%]
protocol_guard/gate/tests/test_adversarial.py::TestAdversarial::test_wrong_task_card_sha_blocks_claim PASSED [ 58%]
protocol_guard/gate/tests/test_adversarial.py::TestAdversarial::test_claim_tampered_detected PASSED [ 59%]
protocol_guard/gate/tests/test_adversarial.py::TestAdversarial::test_executing_requires_confirmation PASSED [ 59%]
protocol_guard/gate/tests/test_adversarial.py::TestAdversarial::test_indeterminate_blocks_recovery PASSED [ 60%]
protocol_guard/gate/tests/test_adversarial.py::TestAdversarial::test_path_absolute_rejected PASSED [ 60%]
protocol_guard/gate/tests/test_adversarial.py::TestAdversarial::test_path_parent_traversal_rejected PASSED [ 61%]
protocol_guard/gate/tests/test_adversarial.py::TestAdversarial::test_path_unc_rejected PASSED [ 61%]
protocol_guard/gate/tests/test_adversarial.py::TestAdversarial::test_path_drive_relative_rejected PASSED [ 62%]
protocol_guard/gate/tests/test_adversarial.py::TestAdversarial::test_ast_bpy_detected PASSED [ 62%]
protocol_guard/gate/tests/test_adversarial.py::TestAdversarial::test_ast_subprocess_detected PASSED [ 63%]
protocol_guard/gate/tests/test_adversarial.py::TestAdversarial::test_ast_ctypes_detected PASSED [ 63%]
protocol_guard/gate/tests/test_adversarial.py::TestAdversarial::test_ast_eval_detected PASSED [ 63%]
protocol_guard/gate/tests/test_adversarial.py::TestAdversarial::test_ast_exec_detected PASSED [ 64%]
protocol_guard/gate/tests/test_adversarial.py::TestAdversarial::test_ast_clean_source_passes PASSED [ 64%]
protocol_guard/gate/tests/test_adversarial.py::TestAdversarial::test_executed_with_result_idempotent_finalize PASSED [ 65%]
protocol_guard/gate/tests/test_adversarial.py::TestAdversarial::test_no_claim_without_preflight PASSED [ 65%]
protocol_guard/gate/tests/test_adversarial.py::TestAdversarial::test_unknown_import_rejected PASSED [ 66%]
protocol_guard/gate/tests/test_adversarial.py::TestAdversarial::test_wrong_scope_rejected PASSED [ 66%]
protocol_guard/gate/tests/test_attempt_state.py::TestAttemptState::test_init PASSED [ 67%]
protocol_guard/gate/tests/test_attempt_state.py::TestAttemptState::test_valid_transitions PASSED [ 67%]
protocol_guard/gate/tests/test_attempt_state.py::TestAttemptState::test_invalid_transition_rejected PASSED [ 68%]
protocol_guard/gate/tests/test_attempt_state.py::TestAttemptState::test_wrong_status_rejected PASSED [ 68%]
protocol_guard/gate/tests/test_attempt_state.py::TestAttemptState::test_indeterminate_blocks_all PASSED [ 69%]
protocol_guard/gate/tests/test_attempt_state.py::TestAttemptState::test_executed_to_finalized PASSED [ 69%]
protocol_guard/gate/tests/test_authorize.py::TestAuthorizeReal::test_all_bindings_valid PASSED [ 70%]
protocol_guard/gate/tests/test_authorize.py::TestAuthorizeReal::test_expired PASSED [ 70%]
protocol_guard/gate/tests/test_authorize.py::TestAuthorizeReal::test_wrong_scope PASSED [ 71%]
protocol_guard/gate/tests/test_authorize.py::TestAuthorizeReal::test_wrong_task_card_sha PASSED [ 71%]
protocol_guard/gate/tests/test_authorize.py::TestAuthorizeReal::test_wrong_freeze_sha PASSED [ 72%]
protocol_guard/gate/tests/test_authorize.py::TestAuthorizeReal::test_wrong_understand_sha PASSED [ 72%]
protocol_guard/gate/tests/test_authorize.py::TestAuthorizeReal::test_missing_file PASSED [ 72%]
protocol_guard/gate/tests/test_claim.py::TestClaim::test_atomic_create PASSED [ 73%]
protocol_guard/gate/tests/test_claim.py::TestClaim::test_double_claim_rejected PASSED [ 73%]
protocol_guard/gate/tests/test_claim.py::TestClaim::test_claim_required_fields PASSED [ 74%]
protocol_guard/gate/tests/test_claim.py::TestClaim::test_claim_path_isolation PASSED [ 74%]
protocol_guard/gate/tests/test_claim.py::TestClaim::test_different_auth_different_attempt PASSED [ 75%]
protocol_guard/gate/tests/test_claim.py::TestClaim::test_claim_without_validated_auth_rejected PASSED [ 75%]
protocol_guard/gate/tests/test_claim.py::TestClaim::test_corrupted_claim_human_audit PASSED [ 76%]
protocol_guard/gate/tests/test_conditions.py::TestConditions::test_no_trigger PASSED [ 76%]
protocol_guard/gate/tests/test_conditions.py::TestConditions::test_triggered PASSED [ 77%]
protocol_guard/gate/tests/test_conditions.py::TestConditions::test_action_mapping PASSED [ 77%]
protocol_guard/gate/tests/test_conditions.py::TestConditions::test_context_partial_match PASSED [ 78%]
protocol_guard/gate/tests/test_conditions.py::TestConditions::test_single_condition_list PASSED [ 78%]
protocol_guard/gate/tests/test_conditions.py::TestConditions::test_stop_before_execution_maps_to_technical_fail PASSED [ 79%]
protocol_guard/gate/tests/test_conditions.py::TestConditions::test_stop_current_task_maps_to_technical_fail PASSED [ 79%]
protocol_guard/gate/tests/test_conditions.py::TestConditions::test_all_actions_covered PASSED [ 80%]
protocol_guard/gate/tests/test_conditions.py::TestConditions::test_evaluate_empty_context PASSED [ 80%]
protocol_guard/gate/tests/test_executor.py::TestExecutorAST::test_no_bpy PASSED [ 81%]
protocol_guard/gate/tests/test_executor.py::TestExecutorAST::test_no_subprocess PASSED [ 81%]
protocol_guard/gate/tests/test_executor.py::TestExecutorAST::test_no_ctypes PASSED [ 81%]
protocol_guard/gate/tests/test_executor.py::TestExecutorAST::test_no_eval PASSED [ 82%]
protocol_guard/gate/tests/test_executor.py::TestExecutorAST::test_no_exec PASSED [ 82%]
protocol_guard/gate/tests/test_executor.py::TestExecutorAST::test_no_compile PASSED [ 83%]
protocol_guard/gate/tests/test_executor.py::TestExecutorAST::test_clean_imports PASSED [ 83%]
protocol_guard/gate/tests/test_executor.py::TestExecutorAST::test_unknown_import_rejected PASSED [ 84%]
protocol_guard/gate/tests/test_executor.py::TestMockExecute::test_execute_with_real_input PASSED [ 84%]
protocol_guard/gate/tests/test_executor.py::TestMockExecute::test_missing_input_fails PASSED [ 85%]
protocol_guard/gate/tests/test_executor.py::TestMockExecute::test_output_generated_and_sha_correct PASSED [ 85%]
protocol_guard/gate/tests/test_executor.py::TestMockExecute::test_subprocess_blocked PASSED [ 86%]
protocol_guard/gate/tests/test_finalize.py::TestFinalize::test_finalize_produces_result PASSED [ 86%]
protocol_guard/gate/tests/test_finalize.py::TestFinalize::test_result_contains_claim_sha PASSED [ 87%]
protocol_guard/gate/tests/test_finalize.py::TestFinalize::test_missing_declared_output_fails PASSED [ 87%]
protocol_guard/gate/tests/test_freeze_bundle.py::TestFreezeBundle::test_freeze_produces_bundle PASSED [ 88%]
protocol_guard/gate/tests/test_freeze_bundle.py::TestFreezeBundle::test_re_freeze_rejected PASSED [ 88%]
protocol_guard/gate/tests/test_freeze_bundle.py::TestFreezeBundle::test_input_file_missing PASSED [ 89%]
protocol_guard/gate/tests/test_freeze_bundle.py::TestFreezeBundle::test_deterministic PASSED [ 89%]
protocol_guard/gate/tests/test_freeze_bundle.py::TestFreezeBundle::test_frozen_task_copy_exists PASSED [ 90%]
protocol_guard/gate/tests/test_freeze_bundle.py::TestFreezeBundle::test_bundle_contains_frozen_at PASSED [ 90%]
protocol_guard/gate/tests/test_freeze_bundle.py::TestFreezeBundle::test_invalid_task_card_rejected PASSED [ 90%]
protocol_guard/gate/tests/test_freeze_bundle.py::TestFreezeBundle::test_task_card_validation_before_freeze PASSED [ 91%]
protocol_guard/gate/tests/test_integration.py::TestIntegration::test_full_pipeline PASSED [ 91%]
protocol_guard/gate/tests/test_preflight.py::TestPathNormalize::test_absolute_rejected PASSED [ 92%]
protocol_guard/gate/tests/test_preflight.py::TestPathNormalize::test_parent_traversal_rejected PASSED [ 92%]
protocol_guard/gate/tests/test_preflight.py::TestPathNormalize::test_valid_relative_passes PASSED [ 93%]
protocol_guard/gate/tests/test_preflight.py::TestPathNormalize::test_unc_rejected PASSED [ 93%]
protocol_guard/gate/tests/test_preflight.py::TestPathNormalize::test_drive_relative_rejected PASSED [ 94%]
protocol_guard/gate/tests/test_preflight.py::TestPreflightGate::test_preflight_runs PASSED [ 94%]
protocol_guard/gate/tests/test_preflight.py::TestPreflightGate::test_phase_not_approved_blocked PASSED [ 95%]
protocol_guard/gate/tests/test_recovery.py::TestRecovery::test_no_claim_retry_preflight PASSED [ 95%]
protocol_guard/gate/tests/test_recovery.py::TestRecovery::test_claimed_retry_execute PASSED [ 96%]
protocol_guard/gate/tests/test_recovery.py::TestRecovery::test_executing_requires_confirmation PASSED [ 96%]
protocol_guard/gate/tests/test_recovery.py::TestRecovery::test_finalized_returns_done PASSED [ 97%]
protocol_guard/gate/tests/test_recovery.py::TestRecovery::test_no_claim_retry PASSED [ 97%]
protocol_guard/gate/tests/test_understand.py::TestUnderstand::test_record_fields PASSED [ 98%]
protocol_guard/gate/tests/test_understand.py::TestUnderstand::test_missing_freeze PASSED [ 98%]
protocol_guard/gate/tests/test_understand.py::TestUnderstandExtra::test_blender_required_false PASSED [ 99%]
protocol_guard/gate/tests/test_understand.py::TestUnderstandExtra::test_spec_conflicts_default_false PASSED [ 99%]
protocol_guard/gate/tests/test_understand.py::TestUnderstandExtra::test_understood_by_is_claude PASSED [100%]

============================= 211 passed in 3.40s =============================
